[ERROR] 25-08-2023 22:45:03 [main] Log - null
[INFO] 25-08-2023 22:45:03 [main] Log - Starting Suite: Fri Aug 25 22:45:03 ICT 2023
[INFO] 25-08-2023 22:45:21 [main] Log - Run on browser: chrome
[INFO] 25-08-2023 22:45:25 [main] Log - Notebooks_01_SortWithName_AtoZ is passed.
[INFO] 25-08-2023 22:45:27 [main] Log - Notebooks_02_SortWithName_ZtoA is passed.
[INFO] 25-08-2023 22:45:28 [main] Log - Notebooks_03_SortWithPrice_LowtoHigh is passed.
[INFO] 25-08-2023 22:45:30 [main] Log - Notebooks_04_SortWithPrice_HightoLow is passed.
[INFO] 25-08-2023 22:45:31 [main] Log - Notebooks_05_SortDisplayed_3PerPage is passed.
[INFO] 25-08-2023 22:45:43 [main] Log - Notebooks_06_SortDisplayed_6PerPage is passed.
[INFO] 25-08-2023 22:45:54 [main] Log - Notebooks_07_SortDisplayed_9PerPage is passed.
[INFO] 25-08-2023 22:45:55 [main] Log - Finish Suite: Fri Aug 25 22:45:55 ICT 2023
[INFO] 25-08-2023 22:56:03 [main] Log - Starting Suite: Fri Aug 25 22:56:02 ICT 2023
[INFO] 25-08-2023 22:56:11 [main] Log - Run on browser: chrome
[INFO] 25-08-2023 22:56:15 [main] Log - Notebooks_01_SortWithName_AtoZ is passed.
[INFO] 25-08-2023 22:56:17 [main] Log - Notebooks_02_SortWithName_ZtoA is passed.
[INFO] 25-08-2023 22:56:18 [main] Log - Notebooks_03_SortWithPrice_LowtoHigh is passed.
[INFO] 25-08-2023 22:56:20 [main] Log - Notebooks_04_SortWithPrice_HightoLow is passed.
[INFO] 25-08-2023 22:56:21 [main] Log - Notebooks_05_SortDisplayed_3PerPage is passed.
[INFO] 25-08-2023 22:56:33 [main] Log - Notebooks_06_SortDisplayed_6PerPage is passed.
[INFO] 25-08-2023 22:56:45 [main] Log - Notebooks_07_SortDisplayed_9PerPage is passed.
[INFO] 25-08-2023 22:56:45 [main] Log - Finish Suite: Fri Aug 25 22:56:45 ICT 2023
[INFO] 25-08-2023 22:57:19 [main] Log - Starting Suite: Fri Aug 25 22:57:18 ICT 2023
[INFO] 25-08-2023 22:57:29 [main] Log - Run on browser: firefox
[INFO] 25-08-2023 22:57:34 [main] Log - Notebooks_01_SortWithName_AtoZ is passed.
[INFO] 25-08-2023 22:57:36 [main] Log - Notebooks_02_SortWithName_ZtoA is passed.
[INFO] 25-08-2023 22:57:37 [main] Log - Notebooks_03_SortWithPrice_LowtoHigh is passed.
[INFO] 25-08-2023 22:57:39 [main] Log - Notebooks_04_SortWithPrice_HightoLow is passed.
[INFO] 25-08-2023 22:57:41 [main] Log - Notebooks_05_SortDisplayed_3PerPage is passed.
[INFO] 25-08-2023 22:57:52 [main] Log - Notebooks_06_SortDisplayed_6PerPage is passed.
[INFO] 25-08-2023 22:58:04 [main] Log - Notebooks_07_SortDisplayed_9PerPage is passed.
[INFO] 25-08-2023 22:58:09 [main] Log - Finish Suite: Fri Aug 25 22:58:09 ICT 2023
